<?xml version="1.0" encoding="UTF-8"?>
<testng-results skipped="0" failed="0" total="1" passed="1">
  <reporter-output>
  </reporter-output>
  <suite name="Default suite" duration-ms="43884" started-at="2020-07-19T03:29:05Z" finished-at="2020-07-19T03:29:49Z">
    <groups>
    </groups>
    <test name="Default test" duration-ms="43884" started-at="2020-07-19T03:29:05Z" finished-at="2020-07-19T03:29:49Z">
      <class name="demo.Search">
        <test-method status="PASS" signature="search()[pri:0, instance:demo.Search@6d00a15d]" name="search" duration-ms="43857" started-at="2020-07-19T08:59:05Z" finished-at="2020-07-19T08:59:49Z">
          <reporter-output>
          </reporter-output>
        </test-method> <!-- search -->
      </class> <!-- demo.Search -->
    </test> <!-- Default test -->
  </suite> <!-- Default suite -->
</testng-results>
